#
# A fatal error has been detected by the Java Runtime Environment:
#
#  EXCEPTION_ACCESS_VIOLATION (0xc0000005) at pc=0x00000000591cddc0, pid=8488, tid=9932
#
# JRE version: Java(TM) SE Runtime Environment (8.0_11-b12) (build 1.8.0_11-b12)
# Java VM: Java HotSpot(TM) 64-Bit Server VM (25.11-b03 mixed mode windows-amd64 compressed oops)
# Problematic frame:
# V  [jvm.dll+0x46ddc0]
#
# Failed to write core dump. Minidumps are not enabled by default on client versions of Windows
#
# If you would like to submit a bug report, please visit:
#   http://bugreport.sun.com/bugreport/crash.jsp
#

---------------  T H R E A D  ---------------

Current thread (0x0000000056448000):  JavaThread "C2 CompilerThread0" daemon [_thread_in_native, id=9932, stack(0x00000000569c0000,0x0000000056ac0000)]

siginfo: ExceptionCode=0xc0000005, reading address 0x00000004595119e8

Registers:
RAX=0x0000000000000000, RBX=0x0000000000000000, RCX=0x00000004595119e8, RDX=0x0000000000000000
RSP=0x0000000056abc0d0, RBP=0x0000000000000002, RSI=0x0000000000000010, RDI=0x0000000056abc120
R8 =0x0000000000000000, R9 =0x0000000000001939, R10=0x0000000058d60000, R11=0x0000000000000246
R12=0x00000000000486f0, R13=0x0000000000000a59, R14=0x0000000058d60000, R15=0x00000000000003d8
RIP=0x00000000591cddc0, EFLAGS=0x0000000000010246

Top of Stack: (sp=0x0000000056abc0d0)
0x0000000056abc0d0:   0000000056abe850 0000000060c26c30
0x0000000056abc0e0:   fffffffffffffff8 0000000054f7a0e0
0x0000000056abc0f0:   0000000000000001 00000000591c97f5
0x0000000056abc100:   0000000060c8d750 0000000000000000
0x0000000056abc110:   0000000056abc1f0 0000000000000000
0x0000000056abc120:   0000000000000000 0000000000000008
0x0000000056abc130:   00000004595119e8 0000000000000000
0x0000000056abc140:   000000005bbe6d08 0000000000000025
0x0000000056abc150:   0000000060ba77f0 0000000056abc4e0
0x0000000056abc160:   000000005adefbd8 000000005adef800
0x0000000056abc170:   0000000056abc280 00000000591967a0
0x0000000056abc180:   0000000000000000 000000005adef7f0
0x0000000056abc190:   0000000056abc4e0 0000000000000000
0x0000000056abc1a0:   000000005adef7f0 000000005c400120
0x0000000056abc1b0:   000000005c404db0 000000005c408108
0x0000000056abc1c0:   00000000008d03c0 000000005647e4f0 

Instructions: (pc=0x00000000591cddc0)
0x00000000591cdda0:   48 8b 4f 20 48 39 04 0e 0f 84 9d 00 00 00 48 8b
0x00000000591cddb0:   0c 0e 33 d2 33 c0 48 89 4f 10 66 0f 1f 44 00 00
0x00000000591cddc0:   83 3c 08 00 0f 85 36 01 00 00 ff c2 48 83 c0 04
0x00000000591cddd0:   83 fa 08 72 eb 48 8b 47 30 48 89 44 24 30 48 85 


Register to memory mapping:

RAX=0x0000000000000000 is an unknown value
RBX=0x0000000000000000 is an unknown value
RCX=0x00000004595119e8 is an unknown value
RDX=0x0000000000000000 is an unknown value
RSP=0x0000000056abc0d0 is pointing into the stack for thread: 0x0000000056448000
RBP=0x0000000000000002 is an unknown value
RSI=0x0000000000000010 is an unknown value
RDI=0x0000000056abc120 is pointing into the stack for thread: 0x0000000056448000
R8 =0x0000000000000000 is an unknown value
R9 =0x0000000000001939 is an unknown value
R10=0x0000000058d60000 is an unknown value
R11=0x0000000000000246 is an unknown value
R12=0x00000000000486f0 is an unknown value
R13=0x0000000000000a59 is an unknown value
R14=0x0000000058d60000 is an unknown value
R15=0x00000000000003d8 is an unknown value


Stack: [0x00000000569c0000,0x0000000056ac0000],  sp=0x0000000056abc0d0,  free space=1008k
Native frames: (J=compiled Java code, j=interpreted, Vv=VM code, C=native code)
V  [jvm.dll+0x46ddc0]
V  [jvm.dll+0x4697f5]
V  [jvm.dll+0x4367a0]
V  [jvm.dll+0x44149e]
V  [jvm.dll+0x443a29]
V  [jvm.dll+0x427722]
V  [jvm.dll+0x96982]
V  [jvm.dll+0x97173]
V  [jvm.dll+0x2234b4]
V  [jvm.dll+0x27bcca]
C  [msvcr100.dll+0x21d9f]
C  [msvcr100.dll+0x21e3b]
C  [kernel32.dll+0x159bd]
C  [ntdll.dll+0x2a2e1]


Current CompileTask:
C2: 251873 7946       4       groovy.lang.MetaClassImpl$1MOPIter::methodNameAction (479 bytes)


---------------  P R O C E S S  ---------------

Java Threads: ( => current thread )
  0x000000005ab8f800 JavaThread "Stdin handler" [_thread_blocked, id=9476, stack(0x0000000058460000,0x0000000058560000)]
  0x000000005ab8f000 JavaThread "Daemon worker Thread 2" [_thread_in_vm, id=10180, stack(0x00000000582e0000,0x00000000583e0000)]
  0x000000005ab91000 JavaThread "Cancel handler" [_thread_blocked, id=9920, stack(0x0000000058040000,0x0000000058140000)]
  0x000000005ab8d800 JavaThread "Handler for socket connection from /127.0.0.1:59295 to /127.0.0.1:59550" [_thread_in_native, id=9996, stack(0x0000000058160000,0x0000000058260000)]
  0x000000005ab8c800 JavaThread "Daemon Thread 2" [_thread_blocked, id=9028, stack(0x0000000057c70000,0x0000000057d70000)]
  0x000000005ab90800 JavaThread "pool-2-thread-2" [_thread_blocked, id=6428, stack(0x0000000060840000,0x0000000060940000)]
  0x000000005ab8e000 JavaThread "pool-2-thread-1" [_thread_blocked, id=8764, stack(0x000000005fe60000,0x000000005ff60000)]
  0x000000005c1ee000 JavaThread "File lock request listener" [_thread_in_native, id=2628, stack(0x000000005c730000,0x000000005c830000)]
  0x0000000057605800 JavaThread "Incoming local TCP Connector on port 59295" [_thread_in_native, id=8200, stack(0x0000000055ed0000,0x0000000055fd0000)]
  0x00000000564dd800 JavaThread "Service Thread" daemon [_thread_blocked, id=7152, stack(0x0000000056fe0000,0x00000000570e0000)]
  0x0000000056455800 JavaThread "C1 CompilerThread2" daemon [_thread_in_vm, id=9776, stack(0x0000000056c40000,0x0000000056d40000)]
  0x0000000056450000 JavaThread "C2 CompilerThread1" daemon [_thread_in_native, id=5704, stack(0x0000000056d50000,0x0000000056e50000)]
=>0x0000000056448000 JavaThread "C2 CompilerThread0" daemon [_thread_in_native, id=9932, stack(0x00000000569c0000,0x0000000056ac0000)]
  0x0000000056447000 JavaThread "Attach Listener" daemon [_thread_blocked, id=7968, stack(0x0000000056b10000,0x0000000056c10000)]
  0x0000000056439000 JavaThread "Signal Dispatcher" daemon [_thread_blocked, id=7516, stack(0x00000000568c0000,0x00000000569c0000)]
  0x0000000054f75000 JavaThread "Finalizer" daemon [_thread_blocked, id=3252, stack(0x0000000056330000,0x0000000056430000)]
  0x0000000054f6a800 JavaThread "Reference Handler" daemon [_thread_blocked, id=10196, stack(0x00000000561b0000,0x00000000562b0000)]
  0x00000000004df000 JavaThread "main" [_thread_blocked, id=2312, stack(0x0000000002530000,0x0000000002630000)]

Other Threads:
  0x0000000054f67000 VMThread [stack: 0x0000000056000000,0x0000000056100000] [id=6880]
  0x00000000564e3800 WatcherThread [stack: 0x0000000056e80000,0x0000000056f80000] [id=8756]

VM state:not at safepoint (normal execution)

VM Mutex/Monitor currently owned by a thread: None

Heap:
 PSYoungGen      total 64512K, used 48640K [0x00000000eab00000, 0x00000000efa00000, 0x0000000100000000)
  eden space 48640K, 100% used [0x00000000eab00000,0x00000000eda80000,0x00000000eda80000)
  from space 15872K, 0% used [0x00000000eea00000,0x00000000eea00000,0x00000000ef980000)
  to   space 15872K, 0% used [0x00000000eda80000,0x00000000eda80000,0x00000000eea00000)
 ParOldGen       total 51200K, used 37818K [0x00000000c0000000, 0x00000000c3200000, 0x00000000eab00000)
  object space 51200K, 73% used [0x00000000c0000000,0x00000000c24ee940,0x00000000c3200000)
 Metaspace       used 53698K, capacity 55140K, committed 55296K, reserved 1097728K
  class space    used 7416K, capacity 7679K, committed 7680K, reserved 1048576K

Card table byte_map: [0x00000000119f0000,0x0000000011c00000] byte_map_base: 0x00000000113f0000

Marking Bits: (ParMarkBitMap*) 0x00000000595112b0
 Begin Bits: [0x00000000123e0000, 0x00000000133e0000)
 End Bits:   [0x00000000133e0000, 0x00000000143e0000)

Polling page: 0x0000000000440000

CodeCache: size=245760Kb used=24337Kb max_used=24337Kb free=221422Kb
 bounds [0x0000000002630000, 0x0000000003e10000, 0x0000000011630000]
 total_blobs=8230 nmethods=7506 adapters=635
 compilation: enabled

Compilation events (10 events):
Event: 251.761 Thread 0x0000000056455800 8180       1       org.gradle.api.internal.artifacts.ivyservice.ivyresolve.LocalModuleComponentRepository::access$200 (5 bytes)
Event: 251.761 Thread 0x0000000056455800 nmethod 8180 0x0000000003dfd410 code [0x0000000003dfd560, 0x0000000003dfd650]
Event: 251.772 Thread 0x0000000056455800 8181       2       java.math.BigInteger::toString (88 bytes)
Event: 251.773 Thread 0x0000000056455800 nmethod 8181 0x0000000003dfd6d0 code [0x0000000003dfd880, 0x0000000003dfdcf8]
Event: 251.773 Thread 0x0000000056455800 8182       2       java.math.BigInteger::smallToString (271 bytes)
Event: 251.775 Thread 0x0000000056455800 nmethod 8182 0x0000000003dfdf50 code [0x0000000003dfe1e0, 0x0000000003dfefc8]
Event: 251.775 Thread 0x0000000056455800 8183       2       java.math.BigInteger::abs (16 bytes)
Event: 251.775 Thread 0x0000000056455800 nmethod 8183 0x0000000003e000d0 code [0x0000000003e00240, 0x0000000003e00428]
Event: 251.778 Thread 0x0000000056455800 8184       2       org.gradle.api.internal.artifacts.ivyservice.resolveengine.DefaultModuleResolutionFilter::union (184 bytes)
Event: 251.780 Thread 0x0000000056455800 nmethod 8184 0x0000000003e00510 code [0x0000000003e00760, 0x0000000003e011e8]

GC Heap History (10 events):
Event: 31.220 GC heap before
{Heap before GC invocations=47 (full 5):
 PSYoungGen      total 59392K, used 57086K [0x00000000eab00000, 0x00000000ef180000, 0x0000000100000000)
  eden space 49152K, 99% used [0x00000000eab00000,0x00000000edae1c70,0x00000000edb00000)
  from space 10240K, 78% used [0x00000000edb00000,0x00000000ee2ddc00,0x00000000ee500000)
  to   space 10752K, 0% used [0x00000000ee700000,0x00000000ee700000,0x00000000ef180000)
 ParOldGen       total 35840K, used 28188K [0x00000000c0000000, 0x00000000c2300000, 0x00000000eab00000)
  object space 35840K, 78% used [0x00000000c0000000,0x00000000c1b873c8,0x00000000c2300000)
 Metaspace       used 46559K, capacity 47436K, committed 47744K, reserved 1089536K
  class space    used 6478K, capacity 6699K, committed 6784K, reserved 1048576K
Event: 31.253 GC heap after
Heap after GC invocations=47 (full 5):
 PSYoungGen      total 58368K, used 10730K [0x00000000eab00000, 0x00000000ef780000, 0x0000000100000000)
  eden space 47616K, 0% used [0x00000000eab00000,0x00000000eab00000,0x00000000ed980000)
  from space 10752K, 99% used [0x00000000ee700000,0x00000000ef17a810,0x00000000ef180000)
  to   space 13824K, 0% used [0x00000000ed980000,0x00000000ed980000,0x00000000ee700000)
 ParOldGen       total 35840K, used 31090K [0x00000000c0000000, 0x00000000c2300000, 0x00000000eab00000)
  object space 35840K, 86% used [0x00000000c0000000,0x00000000c1e5ca50,0x00000000c2300000)
 Metaspace       used 46559K, capacity 47436K, committed 47744K, reserved 1089536K
  class space    used 6478K, capacity 6699K, committed 6784K, reserved 1048576K
}
Event: 35.968 GC heap before
{Heap before GC invocations=48 (full 5):
 PSYoungGen      total 58368K, used 58346K [0x00000000eab00000, 0x00000000ef780000, 0x0000000100000000)
  eden space 47616K, 100% used [0x00000000eab00000,0x00000000ed980000,0x00000000ed980000)
  from space 10752K, 99% used [0x00000000ee700000,0x00000000ef17a810,0x00000000ef180000)
  to   space 13824K, 0% used [0x00000000ed980000,0x00000000ed980000,0x00000000ee700000)
 ParOldGen       total 35840K, used 31090K [0x00000000c0000000, 0x00000000c2300000, 0x00000000eab00000)
  object space 35840K, 86% used [0x00000000c0000000,0x00000000c1e5ca50,0x00000000c2300000)
 Metaspace       used 51108K, capacity 52324K, committed 52480K, reserved 1093632K
  class space    used 7094K, capacity 7373K, committed 7424K, reserved 1048576K
Event: 35.998 GC heap after
Heap after GC invocations=48 (full 5):
 PSYoungGen      total 61440K, used 13092K [0x00000000eab00000, 0x00000000ef980000, 0x0000000100000000)
  eden space 47616K, 0% used [0x00000000eab00000,0x00000000eab00000,0x00000000ed980000)
  from space 13824K, 94% used [0x00000000ed980000,0x00000000ee649290,0x00000000ee700000)
  to   space 15872K, 0% used [0x00000000eea00000,0x00000000eea00000,0x00000000ef980000)
 ParOldGen       total 37376K, used 37002K [0x00000000c0000000, 0x00000000c2480000, 0x00000000eab00000)
  object space 37376K, 99% used [0x00000000c0000000,0x00000000c2422ab0,0x00000000c2480000)
 Metaspace       used 51108K, capacity 52324K, committed 52480K, reserved 1093632K
  class space    used 7094K, capacity 7373K, committed 7424K, reserved 1048576K
}
Event: 35.998 GC heap before
{Heap before GC invocations=49 (full 6):
 PSYoungGen      total 61440K, used 13092K [0x00000000eab00000, 0x00000000ef980000, 0x0000000100000000)
  eden space 47616K, 0% used [0x00000000eab00000,0x00000000eab00000,0x00000000ed980000)
  from space 13824K, 94% used [0x00000000ed980000,0x00000000ee649290,0x00000000ee700000)
  to   space 15872K, 0% used [0x00000000eea00000,0x00000000eea00000,0x00000000ef980000)
 ParOldGen       total 37376K, used 37002K [0x00000000c0000000, 0x00000000c2480000, 0x00000000eab00000)
  object space 37376K, 99% used [0x00000000c0000000,0x00000000c2422ab0,0x00000000c2480000)
 Metaspace       used 51108K, capacity 52324K, committed 52480K, reserved 1093632K
  class space    used 7094K, capacity 7373K, committed 7424K, reserved 1048576K
Event: 36.407 GC heap after
Heap after GC invocations=49 (full 6):
 PSYoungGen      total 61440K, used 6286K [0x00000000eab00000, 0x00000000ef980000, 0x0000000100000000)
  eden space 47616K, 0% used [0x00000000eab00000,0x00000000eab00000,0x00000000ed980000)
  from space 13824K, 45% used [0x00000000ed980000,0x00000000edfa3b60,0x00000000ee700000)
  to   space 15872K, 0% used [0x00000000eea00000,0x00000000eea00000,0x00000000ef980000)
 ParOldGen       total 51200K, used 36729K [0x00000000c0000000, 0x00000000c3200000, 0x00000000eab00000)
  object space 51200K, 71% used [0x00000000c0000000,0x00000000c23de550,0x00000000c3200000)
 Metaspace       used 51108K, capacity 52324K, committed 52480K, reserved 1093632K
  class space    used 7094K, capacity 7373K, committed 7424K, reserved 1048576K
}
Event: 41.505 GC heap before
{Heap before GC invocations=50 (full 6):
 PSYoungGen      total 61440K, used 46880K [0x00000000eab00000, 0x00000000ef980000, 0x0000000100000000)
  eden space 47616K, 85% used [0x00000000eab00000,0x00000000ed2a47d8,0x00000000ed980000)
  from space 13824K, 45% used [0x00000000ed980000,0x00000000edfa3b60,0x00000000ee700000)
  to   space 15872K, 0% used [0x00000000eea00000,0x00000000eea00000,0x00000000ef980000)
 ParOldGen       total 51200K, used 36729K [0x00000000c0000000, 0x00000000c3200000, 0x00000000eab00000)
  object space 51200K, 71% used [0x00000000c0000000,0x00000000c23de550,0x00000000c3200000)
 Metaspace       used 53365K, capacity 54642K, committed 54784K, reserved 1095680K
  class space    used 7392K, capacity 7652K, committed 7680K, reserved 1048576K
Event: 41.523 GC heap after
Heap after GC invocations=50 (full 6):
 PSYoungGen      total 64512K, used 9156K [0x00000000eab00000, 0x00000000efa00000, 0x0000000100000000)
  eden space 48640K, 0% used [0x00000000eab00000,0x00000000eab00000,0x00000000eda80000)
  from space 15872K, 57% used [0x00000000eea00000,0x00000000ef2f1158,0x00000000ef980000)
  to   space 15872K, 0% used [0x00000000eda80000,0x00000000eda80000,0x00000000eea00000)
 ParOldGen       total 51200K, used 36737K [0x00000000c0000000, 0x00000000c3200000, 0x00000000eab00000)
  object space 51200K, 71% used [0x00000000c0000000,0x00000000c23e0550,0x00000000c3200000)
 Metaspace       used 53365K, capacity 54642K, committed 54784K, reserved 1095680K
  class space    used 7392K, capacity 7652K, committed 7680K, reserved 1048576K
}
Event: 41.523 GC heap before
{Heap before GC invocations=51 (full 7):
 PSYoungGen      total 64512K, used 9156K [0x00000000eab00000, 0x00000000efa00000, 0x0000000100000000)
  eden space 48640K, 0% used [0x00000000eab00000,0x00000000eab00000,0x00000000eda80000)
  from space 15872K, 57% used [0x00000000eea00000,0x00000000ef2f1158,0x00000000ef980000)
  to   space 15872K, 0% used [0x00000000eda80000,0x00000000eda80000,0x00000000eea00000)
 ParOldGen       total 51200K, used 36737K [0x00000000c0000000, 0x00000000c3200000, 0x00000000eab00000)
  object space 51200K, 71% used [0x00000000c0000000,0x00000000c23e0550,0x00000000c3200000)
 Metaspace       used 53365K, capacity 54642K, committed 54784K, reserved 1095680K
  class space    used 7392K, capacity 7652K, committed 7680K, reserved 1048576K
Event: 41.869 GC heap after
Heap after GC invocations=51 (full 7):
 PSYoungGen      total 64512K, used 0K [0x00000000eab00000, 0x00000000efa00000, 0x0000000100000000)
  eden space 48640K, 0% used [0x00000000eab00000,0x00000000eab00000,0x00000000eda80000)
  from space 15872K, 0% used [0x00000000eea00000,0x00000000eea00000,0x00000000ef980000)
  to   space 15872K, 0% used [0x00000000eda80000,0x00000000eda80000,0x00000000eea00000)
 ParOldGen       total 51200K, used 37818K [0x00000000c0000000, 0x00000000c3200000, 0x00000000eab00000)
  object space 51200K, 73% used [0x00000000c0000000,0x00000000c24ee940,0x00000000c3200000)
 Metaspace       used 53365K, capacity 54642K, committed 54784K, reserved 1095680K
  class space    used 7392K, capacity 7652K, committed 7680K, reserved 1048576K
}

Deoptimization events (10 events):
Event: 40.671 Thread 0x00000000577f8000 Uncommon trap: reason=bimorphic action=maybe_recompile pc=0x0000000003531e64 method=java.util.AbstractList$Itr.next()Ljava/lang/Object; @ 14
Event: 40.694 Thread 0x00000000577f8000 Uncommon trap: reason=bimorphic action=maybe_recompile pc=0x0000000003531e64 method=java.util.AbstractList$Itr.next()Ljava/lang/Object; @ 14
Event: 41.294 Thread 0x00000000577f8000 Uncommon trap: reason=predicate action=maybe_recompile pc=0x00000000029788dc method=org.gradle.logging.internal.AbstractLineChoppingStyledTextOutput.doAppend(Ljava/lang/String;)V @ 10
Event: 41.318 Thread 0x00000000577f8000 Uncommon trap: reason=class_check action=maybe_recompile pc=0x0000000002be7098 method=com.sun.org.apache.xerces.internal.dom.NamedNodeMapImpl.item(I)Lorg/w3c/dom/Node; @ 33
Event: 41.475 Thread 0x00000000577f8000 Uncommon trap: reason=class_check action=maybe_recompile pc=0x000000000276a6b0 method=java.util.HashMap.removeNode(ILjava/lang/Object;Ljava/lang/Object;ZZ)Ljava/util/HashMap$Node; @ 68
Event: 41.497 Thread 0x00000000577f8000 Uncommon trap: reason=class_check action=maybe_recompile pc=0x000000000276a6b0 method=java.util.HashMap.removeNode(ILjava/lang/Object;Ljava/lang/Object;ZZ)Ljava/util/HashMap$Node; @ 68
Event: 41.906 Thread 0x00000000575ec800 Uncommon trap: reason=bimorphic action=maybe_recompile pc=0x0000000002d9a4d0 method=com.esotericsoftware.kryo.io.Input.fill([BII)I @ 16
Event: 250.999 Thread 0x000000005ab8d800 Uncommon trap: reason=bimorphic action=maybe_recompile pc=0x0000000002d9a4d0 method=com.esotericsoftware.kryo.io.Input.fill([BII)I @ 16
Event: 251.010 Thread 0x000000005ab8d800 Uncommon trap: reason=bimorphic action=maybe_recompile pc=0x0000000002d9a4d0 method=com.esotericsoftware.kryo.io.Input.fill([BII)I @ 16
Event: 251.029 Thread 0x000000005ab8d800 Uncommon trap: reason=bimorphic action=maybe_recompile pc=0x0000000002d9a4d0 method=com.esotericsoftware.kryo.io.Input.fill([BII)I @ 16

Internal exceptions (10 events):
Event: 251.291 Thread 0x000000005ab8f000 Exception <a 'java/security/PrivilegedActionException'> (0x00000000eba35018) thrown at [C:\re\workspace\8-2-build-windows-amd64-cygwin\jdk8u11\648\hotspot\src\share\vm\prims\jvm.cpp, line 1248]
Event: 251.291 Thread 0x000000005ab8f000 Exception <a 'java/security/PrivilegedActionException'> (0x00000000eba3f5d0) thrown at [C:\re\workspace\8-2-build-windows-amd64-cygwin\jdk8u11\648\hotspot\src\share\vm\prims\jvm.cpp, line 1248]
Event: 251.292 Thread 0x000000005ab8f000 Exception <a 'java/security/PrivilegedActionException'> (0x00000000eba43238) thrown at [C:\re\workspace\8-2-build-windows-amd64-cygwin\jdk8u11\648\hotspot\src\share\vm\prims\jvm.cpp, line 1248]
Event: 251.294 Thread 0x000000005ab8f000 Exception <a 'java/security/PrivilegedActionException'> (0x00000000eba47ce8) thrown at [C:\re\workspace\8-2-build-windows-amd64-cygwin\jdk8u11\648\hotspot\src\share\vm\prims\jvm.cpp, line 1248]
Event: 251.294 Thread 0x000000005ab8f000 Exception <a 'java/security/PrivilegedActionException'> (0x00000000eba48dd8) thrown at [C:\re\workspace\8-2-build-windows-amd64-cygwin\jdk8u11\648\hotspot\src\share\vm\prims\jvm.cpp, line 1248]
Event: 251.294 Thread 0x000000005ab8f000 Exception <a 'java/security/PrivilegedActionException'> (0x00000000eba51580) thrown at [C:\re\workspace\8-2-build-windows-amd64-cygwin\jdk8u11\648\hotspot\src\share\vm\prims\jvm.cpp, line 1248]
Event: 251.295 Thread 0x000000005ab8f000 Exception <a 'java/security/PrivilegedActionException'> (0x00000000eba55cf0) thrown at [C:\re\workspace\8-2-build-windows-amd64-cygwin\jdk8u11\648\hotspot\src\share\vm\prims\jvm.cpp, line 1248]
Event: 251.296 Thread 0x000000005ab8f000 Exception <a 'java/security/PrivilegedActionException'> (0x00000000eba5afa0) thrown at [C:\re\workspace\8-2-build-windows-amd64-cygwin\jdk8u11\648\hotspot\src\share\vm\prims\jvm.cpp, line 1248]
Event: 251.296 Thread 0x000000005ab8f000 Exception <a 'java/security/PrivilegedActionException'> (0x00000000eba5c468) thrown at [C:\re\workspace\8-2-build-windows-amd64-cygwin\jdk8u11\648\hotspot\src\share\vm\prims\jvm.cpp, line 1248]
Event: 251.296 Thread 0x000000005ab8f000 Exception <a 'java/security/PrivilegedActionException'> (0x00000000eba65c90) thrown at [C:\re\workspace\8-2-build-windows-amd64-cygwin\jdk8u11\648\hotspot\src\share\vm\prims\jvm.cpp, line 1248]

Events (10 events):
Event: 251.357 Executing VM operation: RevokeBias
Event: 251.357 Executing VM operation: RevokeBias done
Event: 251.360 Executing VM operation: RevokeBias
Event: 251.360 Executing VM operation: RevokeBias done
Event: 251.508 Thread 0x000000005ab8f000 DEOPT PACKING pc=0x00000000028a153c sp=0x00000000583dbb30
Event: 251.509 Thread 0x000000005ab8f000 DEOPT UNPACKING pc=0x0000000002677604 sp=0x00000000583db8f0 mode 0
Event: 251.594 Executing VM operation: RevokeBias
Event: 251.594 Executing VM operation: RevokeBias done
Event: 251.756 Thread 0x000000005ab8f000 DEOPT PACKING pc=0x00000000028a153c sp=0x00000000583dacc0
Event: 251.756 Thread 0x000000005ab8f000 DEOPT UNPACKING pc=0x0000000002677604 sp=0x00000000583daa80 mode 0


Dynamic libraries:
0x000000013f180000 - 0x000000013f1b4000 	C:\Program Files\Java\jdk1.8.0_11\bin\java.exe
0x0000000077610000 - 0x00000000777ba000 	C:\Windows\SYSTEM32\ntdll.dll
0x00000000774f0000 - 0x000000007760f000 	C:\Windows\system32\kernel32.dll
0x000007fefd3b0000 - 0x000007fefd41a000 	C:\Windows\system32\KERNELBASE.dll
0x000007fefe220000 - 0x000007fefe2fb000 	C:\Windows\system32\ADVAPI32.dll
0x000007feff310000 - 0x000007feff3af000 	C:\Windows\system32\msvcrt.dll
0x000007fefd710000 - 0x000007fefd72f000 	C:\Windows\SYSTEM32\sechost.dll
0x000007fefda90000 - 0x000007fefdbbd000 	C:\Windows\system32\RPCRT4.dll
0x00000000773f0000 - 0x00000000774ea000 	C:\Windows\system32\USER32.dll
0x000007fefdfa0000 - 0x000007fefe007000 	C:\Windows\system32\GDI32.dll
0x000007feff680000 - 0x000007feff68e000 	C:\Windows\system32\LPK.dll
0x000007fefd730000 - 0x000007fefd7fa000 	C:\Windows\system32\USP10.dll
0x000007fefb8b0000 - 0x000007fefbaa4000 	C:\Windows\WinSxS\amd64_microsoft.windows.common-controls_6595b64144ccf1df_6.0.7601.18837_none_fa3b1e3d17594757\COMCTL32.dll
0x000007fefd800000 - 0x000007fefd871000 	C:\Windows\system32\SHLWAPI.dll
0x000007fefe0c0000 - 0x000007fefe0ee000 	C:\Windows\system32\IMM32.DLL
0x000007fefdbc0000 - 0x000007fefdcc9000 	C:\Windows\system32\MSCTF.dll
0x000000005e460000 - 0x000000005e532000 	C:\Program Files\Java\jdk1.8.0_11\jre\bin\msvcr100.dll
0x0000000058d60000 - 0x000000005958a000 	C:\Program Files\Java\jdk1.8.0_11\jre\bin\server\jvm.dll
0x000007fef80e0000 - 0x000007fef80e9000 	C:\Windows\system32\WSOCK32.dll
0x000007fefe010000 - 0x000007fefe05d000 	C:\Windows\system32\WS2_32.dll
0x000007fefe210000 - 0x000007fefe218000 	C:\Windows\system32\NSI.dll
0x000007fefaef0000 - 0x000007fefaf2b000 	C:\Windows\system32\WINMM.dll
0x00000000777d0000 - 0x00000000777d7000 	C:\Windows\system32\PSAPI.DLL
0x00000000654c0000 - 0x00000000654cf000 	C:\Program Files\Java\jdk1.8.0_11\jre\bin\verify.dll
0x000000005e9a0000 - 0x000000005e9c8000 	C:\Program Files\Java\jdk1.8.0_11\jre\bin\java.dll
0x000000005e9e0000 - 0x000000005e9f6000 	C:\Program Files\Java\jdk1.8.0_11\jre\bin\zip.dll
0x000007fefe4e0000 - 0x000007feff26c000 	C:\Windows\system32\SHELL32.dll
0x000007fefd880000 - 0x000007fefda83000 	C:\Windows\system32\ole32.dll
0x000007fefd350000 - 0x000007fefd35f000 	C:\Windows\system32\profapi.dll
0x000000005e980000 - 0x000000005e99a000 	C:\Program Files\Java\jdk1.8.0_11\jre\bin\net.dll
0x000007fefcaf0000 - 0x000007fefcb45000 	C:\Windows\system32\mswsock.dll
0x000007fefcae0000 - 0x000007fefcae7000 	C:\Windows\System32\wship6.dll
0x000000005e960000 - 0x000000005e971000 	C:\Program Files\Java\jdk1.8.0_11\jre\bin\nio.dll
0x000007fefa370000 - 0x000007fefa382000 	C:\Users\03070048\.gradle\native\19\windows-amd64\native-platform.dll
0x000007fefa480000 - 0x000007fefa4a7000 	C:\Windows\system32\IPHLPAPI.DLL
0x000007fefa470000 - 0x000007fefa47b000 	C:\Windows\system32\WINNSI.DLL
0x000007fefa1f0000 - 0x000007fefa201000 	C:\Windows\system32\dhcpcsvc6.DLL
0x000007fefa210000 - 0x000007fefa228000 	C:\Windows\system32\dhcpcsvc.DLL
0x000007fefcb50000 - 0x000007fefcb68000 	C:\Windows\system32\CRYPTSP.dll
0x000007fefc850000 - 0x000007fefc897000 	C:\Windows\system32\rsaenh.dll
0x000007fefd370000 - 0x000007fefd38e000 	C:\Windows\system32\USERENV.dll
0x000007fefd1b0000 - 0x000007fefd1bf000 	C:\Windows\system32\CRYPTBASE.dll
0x000007fefd150000 - 0x000007fefd1a7000 	C:\Windows\system32\apphelp.dll
0x00000000654e0000 - 0x00000000654ed000 	C:\Program Files\Java\jdk1.8.0_11\jre\bin\management.dll
0x000007fef1770000 - 0x000007fef1895000 	C:\Windows\system32\dbghelp.dll

VM Arguments:
jvm_args: -XX:MaxPermSize=256m -XX:+HeapDumpOnOutOfMemoryError -Xmx1024m -Dfile.encoding=x-windows-950 -Duser.country=TW -Duser.language=zh -Duser.variant 
java_command: org.gradle.launcher.daemon.bootstrap.GradleDaemon 2.10
java_class_path (initial): C:\Users\03070048\.gradle\wrapper\dists\gradle-2.10-all\a4w5fzrkeut1ox71xslb49gst\gradle-2.10\lib\gradle-launcher-2.10.jar
Launcher Type: SUN_STANDARD

Environment Variables:
PATH=C:\ProgramData\Oracle\Java\javapath;C:\Program Files (x86)\Intel\iCLS Client\;C:\Program Files\Intel\iCLS Client\;C:\Program Files\Common Files\Microsoft Shared\Windows Live;C:\Program Files (x86)\Common Files\Microsoft Shared\Windows Live;C:\Windows\system32;C:\Windows;C:\Windows\System32\Wbem;C:\Windows\System32\WindowsPowerShell\v1.0\;C:\Program Files (x86)\Windows Live\Shared;C:\Program Files (x86)\Intel\OpenCL SDK\2.0\bin\x86;C:\Program Files (x86)\Intel\OpenCL SDK\2.0\bin\x64;C:\Program Files\Intel\Intel(R) Management Engine Components\DAL;C:\Program Files\Intel\Intel(R) Management Engine Components\IPT;C:\Program Files (x86)\Intel\Intel(R) Management Engine Components\DAL;C:\Program Files (x86)\Intel\Intel(R) Management Engine Components\IPT;C:\Program Files\Intel\WiFi\bin\;C:\Program Files\Common Files\Intel\WirelessCommon\;C:\Program Files (x86)\Git\cmd;C:\Program Files (x86)\Skype\Phone\
USERNAME=03070048
OS=Windows_NT
PROCESSOR_IDENTIFIER=Intel64 Family 6 Model 58 Stepping 9, GenuineIntel



---------------  S Y S T E M  ---------------

OS: Windows 7 , 64 bit Build 7601 Service Pack 1

CPU:total 4 (2 cores per cpu, 2 threads per core) family 6 model 58 stepping 9, cmov, cx8, fxsr, mmx, sse, sse2, sse3, ssse3, sse4.1, sse4.2, popcnt, avx, aes, clmul, erms, ht, tsc, tscinvbit

Memory: 4k page, physical 12456536k(5285836k free), swap 24911212k(16461832k free)

vm_info: Java HotSpot(TM) 64-Bit Server VM (25.11-b03) for windows-amd64 JRE (1.8.0_11-b12), built on Jun 16 2014 20:57:32 by "java_re" with MS VC++ 10.0 (VS2010)

time: Tue Aug 16 16:01:54 2016
elapsed time: 251 seconds

