#
# A fatal error has been detected by the Java Runtime Environment:
#
#  EXCEPTION_ACCESS_VIOLATION (0xc0000005) at pc=0x00000000591cddc0, pid=9152, tid=9708
#
# JRE version: Java(TM) SE Runtime Environment (8.0_11-b12) (build 1.8.0_11-b12)
# Java VM: Java HotSpot(TM) 64-Bit Server VM (25.11-b03 mixed mode windows-amd64 compressed oops)
# Problematic frame:
# V  [jvm.dll+0x46ddc0]
#
# Failed to write core dump. Minidumps are not enabled by default on client versions of Windows
#
# If you would like to submit a bug report, please visit:
#   http://bugreport.sun.com/bugreport/crash.jsp
#

---------------  T H R E A D  ---------------

Current thread (0x0000000056508000):  JavaThread "C2 CompilerThread0" daemon [_thread_in_native, id=9708, stack(0x0000000056b60000,0x0000000056c60000)]

siginfo: ExceptionCode=0xc0000005, reading address 0x00000004595119e8

Registers:
RAX=0x0000000000000000, RBX=0x000000005b271380, RCX=0x00000004595119e8, RDX=0x0000000000000000
RSP=0x0000000056c5c6d0, RBP=0x0000000000000005, RSI=0x0000000000000028, RDI=0x0000000056c5c720
R8 =0x0000000000004000, R9 =0x00000000573357e0, R10=0x0000000058d60000, R11=0x0000000000000246
R12=0x00000000595119e8, R13=0x0000000058d60000, R14=0x00000000568094e8, R15=0x00000000000003d8
RIP=0x00000000591cddc0, EFLAGS=0x0000000000010246

Top of Stack: (sp=0x0000000056c5c6d0)
0x0000000056c5c6d0:   0000000056c5ee50 000000005b2cb920
0x0000000056c5c6e0:   000000005a2e3168 00000000591c9bc3
0x0000000056c5c6f0:   0000000000000aae 00000000591c8fef
0x0000000056c5c700:   000000005b2d8760 000000005b271380
0x0000000056c5c710:   0000000000000aae 0000000056c5c7f0
0x0000000056c5c720:   0000002400000000 0000000000000001
0x0000000056c5c730:   00000004595119e8 0000000000000001
0x0000000056c5c740:   000000005b2dacf0 000000000000000f
0x0000000056c5c750:   000000005b2dace0 0000000056809100
0x0000000056c5c760:   0000000056809110 0000000056c5cae0
0x0000000056c5c770:   0000000056809100 000000005919638d
0x0000000056c5c780:   0000000056c5cbf0 0000000056c5c880
0x0000000056c5c790:   0000000000000000 0000000000000000
0x0000000056c5c7a0:   0000000056809100 0000000057333420
0x0000000056c5c7b0:   0000000057335a70 000000005733b408
0x0000000056c5c7c0:   00000000001c53c0 0000000056808d10 

Instructions: (pc=0x00000000591cddc0)
0x00000000591cdda0:   48 8b 4f 20 48 39 04 0e 0f 84 9d 00 00 00 48 8b
0x00000000591cddb0:   0c 0e 33 d2 33 c0 48 89 4f 10 66 0f 1f 44 00 00
0x00000000591cddc0:   83 3c 08 00 0f 85 36 01 00 00 ff c2 48 83 c0 04
0x00000000591cddd0:   83 fa 08 72 eb 48 8b 47 30 48 89 44 24 30 48 85 


Register to memory mapping:

RAX=0x0000000000000000 is an unknown value
RBX=0x000000005b271380 is an unknown value
RCX=0x00000004595119e8 is an unknown value
RDX=0x0000000000000000 is an unknown value
RSP=0x0000000056c5c6d0 is pointing into the stack for thread: 0x0000000056508000
RBP=0x0000000000000005 is an unknown value
RSI=0x0000000000000028 is an unknown value
RDI=0x0000000056c5c720 is pointing into the stack for thread: 0x0000000056508000
R8 =0x0000000000004000 is an unknown value
R9 =0x00000000573357e0 is an unknown value
R10=0x0000000058d60000 is an unknown value
R11=0x0000000000000246 is an unknown value
R12=0x00000000595119e8 is an unknown value
R13=0x0000000058d60000 is an unknown value
R14=0x00000000568094e8 is an unknown value
R15=0x00000000000003d8 is an unknown value


Stack: [0x0000000056b60000,0x0000000056c60000],  sp=0x0000000056c5c6d0,  free space=1009k
Native frames: (J=compiled Java code, j=interpreted, Vv=VM code, C=native code)
V  [jvm.dll+0x46ddc0]
V  [jvm.dll+0x468fef]
V  [jvm.dll+0x43638d]
V  [jvm.dll+0x44149e]
V  [jvm.dll+0x443a29]
V  [jvm.dll+0x427722]
V  [jvm.dll+0x96982]
V  [jvm.dll+0x97173]
V  [jvm.dll+0x2234b4]
V  [jvm.dll+0x27bcca]
C  [msvcr100.dll+0x21d9f]
C  [msvcr100.dll+0x21e3b]
C  [kernel32.dll+0x159bd]
C  [ntdll.dll+0x2a2e1]


Current CompileTask:
C2:   5032 1965       4       org.codehaus.groovy.runtime.metaclass.MetaMethodIndex::addMethodToList (290 bytes)


---------------  P R O C E S S  ---------------

Java Threads: ( => current thread )
  0x00000000579e3000 JavaThread "Stdin handler" [_thread_blocked, id=9992, stack(0x0000000059aa0000,0x0000000059ba0000)]
  0x00000000579db000 JavaThread "Daemon worker" [_thread_in_native, id=9312, stack(0x0000000059790000,0x0000000059890000)]
  0x0000000057b11000 JavaThread "Cancel handler" [_thread_blocked, id=8496, stack(0x0000000059930000,0x0000000059a30000)]
  0x00000000577a0000 JavaThread "Handler for socket connection from /127.0.0.1:59637 to /127.0.0.1:59638" [_thread_in_native, id=9120, stack(0x0000000058bd0000,0x0000000058cd0000)]
  0x0000000057ab1800 JavaThread "Daemon" [_thread_blocked, id=10192, stack(0x0000000058ad0000,0x0000000058bd0000)]
  0x0000000057a28000 JavaThread "Incoming local TCP Connector on port 59637" [_thread_in_native, id=9156, stack(0x0000000056dc0000,0x0000000056ec0000)]
  0x0000000056596800 JavaThread "Service Thread" daemon [_thread_blocked, id=9396, stack(0x0000000057020000,0x0000000057120000)]
  0x0000000056515000 JavaThread "C1 CompilerThread2" daemon [_thread_blocked, id=9344, stack(0x0000000056ed0000,0x0000000056fd0000)]
  0x0000000056510000 JavaThread "C2 CompilerThread1" daemon [_thread_in_native, id=10104, stack(0x0000000056c90000,0x0000000056d90000)]
=>0x0000000056508000 JavaThread "C2 CompilerThread0" daemon [_thread_in_native, id=9708, stack(0x0000000056b60000,0x0000000056c60000)]
  0x00000000564fd000 JavaThread "Attach Listener" daemon [_thread_blocked, id=8452, stack(0x0000000056a00000,0x0000000056b00000)]
  0x00000000564fa000 JavaThread "Signal Dispatcher" daemon [_thread_blocked, id=8508, stack(0x0000000055f70000,0x0000000056070000)]
  0x00000000550c8800 JavaThread "Finalizer" daemon [_thread_blocked, id=7944, stack(0x00000000563f0000,0x00000000564f0000)]
  0x00000000550bd800 JavaThread "Reference Handler" daemon [_thread_blocked, id=7612, stack(0x00000000561e0000,0x00000000562e0000)]
  0x0000000001cef000 JavaThread "main" [_thread_blocked, id=6580, stack(0x00000000025e0000,0x00000000026e0000)]

Other Threads:
  0x00000000550ba800 VMThread [stack: 0x0000000056070000,0x0000000056170000] [id=5464]
  0x000000005659c800 WatcherThread [stack: 0x0000000056900000,0x0000000056a00000] [id=6940]

VM state:not at safepoint (normal execution)

VM Mutex/Monitor currently owned by a thread: None

Heap:
 PSYoungGen      total 51200K, used 34945K [0x00000000eab00000, 0x00000000ee100000, 0x0000000100000000)
  eden space 47104K, 74% used [0x00000000eab00000,0x00000000ecd20750,0x00000000ed900000)
  from space 4096K, 0% used [0x00000000edd00000,0x00000000edd00000,0x00000000ee100000)
  to   space 4096K, 0% used [0x00000000ed900000,0x00000000ed900000,0x00000000edd00000)
 ParOldGen       total 11776K, used 8843K [0x00000000c0000000, 0x00000000c0b80000, 0x00000000eab00000)
  object space 11776K, 75% used [0x00000000c0000000,0x00000000c08a2db8,0x00000000c0b80000)
 Metaspace       used 22944K, capacity 23246K, committed 23424K, reserved 1069056K
  class space    used 3064K, capacity 3137K, committed 3200K, reserved 1048576K

Card table byte_map: [0x0000000011aa0000,0x0000000011cb0000] byte_map_base: 0x00000000114a0000

Marking Bits: (ParMarkBitMap*) 0x00000000595112b0
 Begin Bits: [0x0000000012530000, 0x0000000013530000)
 End Bits:   [0x0000000013530000, 0x0000000014530000)

Polling page: 0x0000000000760000

CodeCache: size=245760Kb used=8031Kb max_used=8031Kb free=237728Kb
 bounds [0x00000000026e0000, 0x0000000002ec0000, 0x00000000116e0000]
 total_blobs=2650 nmethods=2033 adapters=530
 compilation: enabled

Compilation events (10 events):
Event: 4.954 Thread 0x0000000056515000 2037       1       java.io.FilePermission::access$000 (5 bytes)
Event: 4.954 Thread 0x0000000056515000 nmethod 2037 0x0000000002ebb550 code [0x0000000002ebb6a0, 0x0000000002ebb790]
Event: 4.954 Thread 0x0000000056515000 2038       1       java.security.PermissionCollection::isReadOnly (5 bytes)
Event: 4.954 Thread 0x0000000056515000 nmethod 2038 0x0000000002ebb810 code [0x0000000002ebb960, 0x0000000002ebba70]
Event: 4.960 Thread 0x0000000056515000 2039       1       java.util.Hashtable$Entry::getValue (5 bytes)
Event: 4.960 Thread 0x0000000056515000 nmethod 2039 0x0000000002ebbad0 code [0x0000000002ebbc20, 0x0000000002ebbd30]
Event: 4.961 Thread 0x0000000056515000 2040       3       java.util.Hashtable$Enumerator::hasNext (5 bytes)
Event: 4.961 Thread 0x0000000056515000 nmethod 2040 0x0000000002ebbd90 code [0x0000000002ebbf00, 0x0000000002ebc088]
Event: 4.961 Thread 0x0000000056515000 2041       3       java.util.Hashtable$Enumerator::next (27 bytes)
Event: 4.961 Thread 0x0000000056515000 nmethod 2041 0x0000000002ebc110 code [0x0000000002ebc2a0, 0x0000000002ebc538]

GC Heap History (10 events):
Event: 2.266 GC heap before
{Heap before GC invocations=13 (full 0):
 PSYoungGen      total 19968K, used 19942K [0x00000000eab00000, 0x00000000ec180000, 0x0000000100000000)
  eden space 18432K, 99% used [0x00000000eab00000,0x00000000ebcfcf40,0x00000000ebd00000)
  from space 1536K, 99% used [0x00000000ebf00000,0x00000000ec07c8e8,0x00000000ec080000)
  to   space 2048K, 0% used [0x00000000ebd00000,0x00000000ebd00000,0x00000000ebf00000)
 ParOldGen       total 195072K, used 3299K [0x00000000c0000000, 0x00000000cbe80000, 0x00000000eab00000)
  object space 195072K, 1% used [0x00000000c0000000,0x00000000c0338cd0,0x00000000cbe80000)
 Metaspace       used 14061K, capacity 14372K, committed 14592K, reserved 1062912K
  class space    used 1886K, capacity 2000K, committed 2048K, reserved 1048576K
Event: 2.276 GC heap after
Heap after GC invocations=13 (full 0):
 PSYoungGen      total 20480K, used 2030K [0x00000000eab00000, 0x00000000ece00000, 0x0000000100000000)
  eden space 18432K, 0% used [0x00000000eab00000,0x00000000eab00000,0x00000000ebd00000)
  from space 2048K, 99% used [0x00000000ebd00000,0x00000000ebefbb48,0x00000000ebf00000)
  to   space 3072K, 0% used [0x00000000ecb00000,0x00000000ecb00000,0x00000000ece00000)
 ParOldGen       total 195072K, used 5434K [0x00000000c0000000, 0x00000000cbe80000, 0x00000000eab00000)
  object space 195072K, 2% used [0x00000000c0000000,0x00000000c054eb58,0x00000000cbe80000)
 Metaspace       used 14061K, capacity 14372K, committed 14592K, reserved 1062912K
  class space    used 1886K, capacity 2000K, committed 2048K, reserved 1048576K
}
Event: 2.582 GC heap before
{Heap before GC invocations=14 (full 0):
 PSYoungGen      total 20480K, used 20462K [0x00000000eab00000, 0x00000000ece00000, 0x0000000100000000)
  eden space 18432K, 100% used [0x00000000eab00000,0x00000000ebd00000,0x00000000ebd00000)
  from space 2048K, 99% used [0x00000000ebd00000,0x00000000ebefbb48,0x00000000ebf00000)
  to   space 3072K, 0% used [0x00000000ecb00000,0x00000000ecb00000,0x00000000ece00000)
 ParOldGen       total 195072K, used 5434K [0x00000000c0000000, 0x00000000cbe80000, 0x00000000eab00000)
  object space 195072K, 2% used [0x00000000c0000000,0x00000000c054eb58,0x00000000cbe80000)
 Metaspace       used 16122K, capacity 16420K, committed 16768K, reserved 1062912K
  class space    used 2225K, capacity 2320K, committed 2432K, reserved 1048576K
Event: 2.587 GC heap after
Heap after GC invocations=14 (full 0):
 PSYoungGen      total 32256K, used 2539K [0x00000000eab00000, 0x00000000ecf00000, 0x0000000100000000)
  eden space 29184K, 0% used [0x00000000eab00000,0x00000000eab00000,0x00000000ec780000)
  from space 3072K, 82% used [0x00000000ecb00000,0x00000000ecd7ae28,0x00000000ece00000)
  to   space 3584K, 0% used [0x00000000ec780000,0x00000000ec780000,0x00000000ecb00000)
 ParOldGen       total 195072K, used 6939K [0x00000000c0000000, 0x00000000cbe80000, 0x00000000eab00000)
  object space 195072K, 3% used [0x00000000c0000000,0x00000000c06c6f18,0x00000000cbe80000)
 Metaspace       used 16122K, capacity 16420K, committed 16768K, reserved 1062912K
  class space    used 2225K, capacity 2320K, committed 2432K, reserved 1048576K
}
Event: 3.368 GC heap before
{Heap before GC invocations=15 (full 0):
 PSYoungGen      total 32256K, used 31720K [0x00000000eab00000, 0x00000000ecf00000, 0x0000000100000000)
  eden space 29184K, 99% used [0x00000000eab00000,0x00000000ec77f320,0x00000000ec780000)
  from space 3072K, 82% used [0x00000000ecb00000,0x00000000ecd7ae28,0x00000000ece00000)
  to   space 3584K, 0% used [0x00000000ec780000,0x00000000ec780000,0x00000000ecb00000)
 ParOldGen       total 195072K, used 6939K [0x00000000c0000000, 0x00000000cbe80000, 0x00000000eab00000)
  object space 195072K, 3% used [0x00000000c0000000,0x00000000c06c6f18,0x00000000cbe80000)
 Metaspace       used 19064K, capacity 19370K, committed 19712K, reserved 1067008K
  class space    used 2604K, capacity 2705K, committed 2816K, reserved 1048576K
Event: 3.433 GC heap after
Heap after GC invocations=15 (full 0):
 PSYoungGen      total 32768K, used 3411K [0x00000000eab00000, 0x00000000ee100000, 0x0000000100000000)
  eden space 29184K, 0% used [0x00000000eab00000,0x00000000eab00000,0x00000000ec780000)
  from space 3584K, 95% used [0x00000000ec780000,0x00000000ecad4fb0,0x00000000ecb00000)
  to   space 4096K, 0% used [0x00000000edd00000,0x00000000edd00000,0x00000000ee100000)
 ParOldGen       total 195072K, used 7693K [0x00000000c0000000, 0x00000000cbe80000, 0x00000000eab00000)
  object space 195072K, 3% used [0x00000000c0000000,0x00000000c0783748,0x00000000cbe80000)
 Metaspace       used 19064K, capacity 19370K, committed 19712K, reserved 1067008K
  class space    used 2604K, capacity 2705K, committed 2816K, reserved 1048576K
}
Event: 3.787 GC heap before
{Heap before GC invocations=16 (full 0):
 PSYoungGen      total 32768K, used 15831K [0x00000000eab00000, 0x00000000ee100000, 0x0000000100000000)
  eden space 29184K, 42% used [0x00000000eab00000,0x00000000eb720df0,0x00000000ec780000)
  from space 3584K, 95% used [0x00000000ec780000,0x00000000ecad4fb0,0x00000000ecb00000)
  to   space 4096K, 0% used [0x00000000edd00000,0x00000000edd00000,0x00000000ee100000)
 ParOldGen       total 195072K, used 7693K [0x00000000c0000000, 0x00000000cbe80000, 0x00000000eab00000)
  object space 195072K, 3% used [0x00000000c0000000,0x00000000c0783748,0x00000000cbe80000)
 Metaspace       used 20830K, capacity 21172K, committed 21248K, reserved 1067008K
  class space    used 2728K, capacity 2814K, committed 2816K, reserved 1048576K
Event: 3.792 GC heap after
Heap after GC invocations=16 (full 0):
 PSYoungGen      total 51200K, used 2761K [0x00000000eab00000, 0x00000000ee100000, 0x0000000100000000)
  eden space 47104K, 0% used [0x00000000eab00000,0x00000000eab00000,0x00000000ed900000)
  from space 4096K, 67% used [0x00000000edd00000,0x00000000edfb2720,0x00000000ee100000)
  to   space 4096K, 0% used [0x00000000ed900000,0x00000000ed900000,0x00000000edd00000)
 ParOldGen       total 195072K, used 8574K [0x00000000c0000000, 0x00000000cbe80000, 0x00000000eab00000)
  object space 195072K, 4% used [0x00000000c0000000,0x00000000c085f878,0x00000000cbe80000)
 Metaspace       used 20830K, capacity 21172K, committed 21248K, reserved 1067008K
  class space    used 2728K, capacity 2814K, committed 2816K, reserved 1048576K
}
Event: 3.792 GC heap before
{Heap before GC invocations=17 (full 1):
 PSYoungGen      total 51200K, used 2761K [0x00000000eab00000, 0x00000000ee100000, 0x0000000100000000)
  eden space 47104K, 0% used [0x00000000eab00000,0x00000000eab00000,0x00000000ed900000)
  from space 4096K, 67% used [0x00000000edd00000,0x00000000edfb2720,0x00000000ee100000)
  to   space 4096K, 0% used [0x00000000ed900000,0x00000000ed900000,0x00000000edd00000)
 ParOldGen       total 195072K, used 8574K [0x00000000c0000000, 0x00000000cbe80000, 0x00000000eab00000)
  object space 195072K, 4% used [0x00000000c0000000,0x00000000c085f878,0x00000000cbe80000)
 Metaspace       used 20830K, capacity 21172K, committed 21248K, reserved 1067008K
  class space    used 2728K, capacity 2814K, committed 2816K, reserved 1048576K
Event: 3.882 GC heap after
Heap after GC invocations=17 (full 1):
 PSYoungGen      total 51200K, used 0K [0x00000000eab00000, 0x00000000ee100000, 0x0000000100000000)
  eden space 47104K, 0% used [0x00000000eab00000,0x00000000eab00000,0x00000000ed900000)
  from space 4096K, 0% used [0x00000000edd00000,0x00000000edd00000,0x00000000ee100000)
  to   space 4096K, 0% used [0x00000000ed900000,0x00000000ed900000,0x00000000edd00000)
 ParOldGen       total 11776K, used 8843K [0x00000000c0000000, 0x00000000c0b80000, 0x00000000eab00000)
  object space 11776K, 75% used [0x00000000c0000000,0x00000000c08a2db8,0x00000000c0b80000)
 Metaspace       used 20804K, capacity 21084K, committed 21248K, reserved 1067008K
  class space    used 2720K, capacity 2806K, committed 2816K, reserved 1048576K
}

Deoptimization events (10 events):
Event: 3.650 Thread 0x00000000579db000 Uncommon trap: reason=class_check action=maybe_recompile pc=0x0000000002a68918 method=sun.misc.URLClassPath.getLoader(I)Lsun/misc/URLClassPath$Loader; @ 94
Event: 3.650 Thread 0x00000000579db000 Uncommon trap: reason=class_check action=maybe_recompile pc=0x0000000002c1cf04 method=sun.misc.URLClassPath.getResource(Ljava/lang/String;Z)Lsun/misc/Resource; @ 53
Event: 3.671 Thread 0x00000000579db000 Uncommon trap: reason=class_check action=maybe_recompile pc=0x0000000002a689e8 method=sun.misc.URLClassPath.getLoader(I)Lsun/misc/URLClassPath$Loader; @ 150
Event: 3.711 Thread 0x00000000579db000 Uncommon trap: reason=class_check action=maybe_recompile pc=0x0000000002a689e8 method=sun.misc.URLClassPath.getLoader(I)Lsun/misc/URLClassPath$Loader; @ 150
Event: 3.732 Thread 0x00000000579db000 Uncommon trap: reason=class_check action=maybe_recompile pc=0x0000000002a689e8 method=sun.misc.URLClassPath.getLoader(I)Lsun/misc/URLClassPath$Loader; @ 150
Event: 4.424 Thread 0x00000000579db000 Uncommon trap: reason=unreached action=reinterpret pc=0x00000000029ad8a0 method=java.util.HashMap.hash(Ljava/lang/Object;)I @ 1
Event: 4.693 Thread 0x00000000579db000 Uncommon trap: reason=unreached action=reinterpret pc=0x0000000002ae824c method=java.lang.ref.ReferenceQueue.poll()Ljava/lang/ref/Reference; @ 4
Event: 4.693 Thread 0x00000000579db000 Uncommon trap: reason=class_check action=maybe_recompile pc=0x0000000002b7f6cc method=java.lang.ref.ReferenceQueue.reallyPoll()Ljava/lang/ref/Reference; @ 52
Event: 4.743 Thread 0x00000000579db000 Uncommon trap: reason=unreached action=reinterpret pc=0x0000000002e57654 method=java.net.URLClassLoader.isSealed(Ljava/lang/String;Ljava/util/jar/Manifest;)Z @ 26
Event: 4.744 Thread 0x00000000579db000 Uncommon trap: reason=unreached action=reinterpret pc=0x0000000002e2f37c method=java.net.URLClassLoader.isSealed(Ljava/lang/String;Ljava/util/jar/Manifest;)Z @ 26

Internal exceptions (10 events):
Event: 4.957 Thread 0x00000000579db000 Exception <a 'java/security/PrivilegedActionException'> (0x00000000ecae28c0) thrown at [C:\re\workspace\8-2-build-windows-amd64-cygwin\jdk8u11\648\hotspot\src\share\vm\prims\jvm.cpp, line 1248]
Event: 4.958 Thread 0x00000000579db000 Exception <a 'java/security/PrivilegedActionException'> (0x00000000ecaeab58) thrown at [C:\re\workspace\8-2-build-windows-amd64-cygwin\jdk8u11\648\hotspot\src\share\vm\prims\jvm.cpp, line 1248]
Event: 4.958 Thread 0x00000000579db000 Exception <a 'java/security/PrivilegedActionException'> (0x00000000ecaec378) thrown at [C:\re\workspace\8-2-build-windows-amd64-cygwin\jdk8u11\648\hotspot\src\share\vm\prims\jvm.cpp, line 1248]
Event: 4.958 Thread 0x00000000579db000 Exception <a 'java/security/PrivilegedActionException'> (0x00000000ecaf2dd8) thrown at [C:\re\workspace\8-2-build-windows-amd64-cygwin\jdk8u11\648\hotspot\src\share\vm\prims\jvm.cpp, line 1248]
Event: 4.959 Thread 0x00000000579db000 Exception <a 'java/security/PrivilegedActionException'> (0x00000000ecaff978) thrown at [C:\re\workspace\8-2-build-windows-amd64-cygwin\jdk8u11\648\hotspot\src\share\vm\prims\jvm.cpp, line 1248]
Event: 4.959 Thread 0x00000000579db000 Exception <a 'java/security/PrivilegedActionException'> (0x00000000ecb011c8) thrown at [C:\re\workspace\8-2-build-windows-amd64-cygwin\jdk8u11\648\hotspot\src\share\vm\prims\jvm.cpp, line 1248]
Event: 4.960 Thread 0x00000000579db000 Exception <a 'java/security/PrivilegedActionException'> (0x00000000ecb07f28) thrown at [C:\re\workspace\8-2-build-windows-amd64-cygwin\jdk8u11\648\hotspot\src\share\vm\prims\jvm.cpp, line 1248]
Event: 4.961 Thread 0x00000000579db000 Exception <a 'java/security/PrivilegedActionException'> (0x00000000ecb11fd8) thrown at [C:\re\workspace\8-2-build-windows-amd64-cygwin\jdk8u11\648\hotspot\src\share\vm\prims\jvm.cpp, line 1248]
Event: 4.961 Thread 0x00000000579db000 Exception <a 'java/security/PrivilegedActionException'> (0x00000000ecb13828) thrown at [C:\re\workspace\8-2-build-windows-amd64-cygwin\jdk8u11\648\hotspot\src\share\vm\prims\jvm.cpp, line 1248]
Event: 4.962 Thread 0x00000000579db000 Exception <a 'java/security/PrivilegedActionException'> (0x00000000ecb1a588) thrown at [C:\re\workspace\8-2-build-windows-amd64-cygwin\jdk8u11\648\hotspot\src\share\vm\prims\jvm.cpp, line 1248]

Events (10 events):
Event: 4.956 loading class org/apache/maven/settings/io/DefaultSettingsWriter
Event: 4.956 loading class org/apache/maven/settings/io/DefaultSettingsWriter done
Event: 4.957 loading class org/codehaus/plexus/util/xml/XmlStreamWriter
Event: 4.957 loading class org/codehaus/plexus/util/xml/XmlStreamWriter done
Event: 4.958 loading class org/apache/maven/settings/validation/DefaultSettingsValidator
Event: 4.958 loading class org/apache/maven/settings/validation/DefaultSettingsValidator done
Event: 4.959 loading class org/apache/maven/settings/building/DefaultSettingsBuildingRequest
Event: 4.959 loading class org/apache/maven/settings/building/DefaultSettingsBuildingRequest done
Event: 4.961 loading class org/apache/maven/settings/building/DefaultSettingsProblemCollector
Event: 4.961 loading class org/apache/maven/settings/building/DefaultSettingsProblemCollector done


Dynamic libraries:
0x000000013f6f0000 - 0x000000013f724000 	C:\Program Files\Java\jdk1.8.0_11\bin\java.exe
0x0000000077610000 - 0x00000000777ba000 	C:\Windows\SYSTEM32\ntdll.dll
0x00000000774f0000 - 0x000000007760f000 	C:\Windows\system32\kernel32.dll
0x000007fefd3b0000 - 0x000007fefd41a000 	C:\Windows\system32\KERNELBASE.dll
0x000007fefe220000 - 0x000007fefe2fb000 	C:\Windows\system32\ADVAPI32.dll
0x000007feff310000 - 0x000007feff3af000 	C:\Windows\system32\msvcrt.dll
0x000007fefd710000 - 0x000007fefd72f000 	C:\Windows\SYSTEM32\sechost.dll
0x000007fefda90000 - 0x000007fefdbbd000 	C:\Windows\system32\RPCRT4.dll
0x00000000773f0000 - 0x00000000774ea000 	C:\Windows\system32\USER32.dll
0x000007fefdfa0000 - 0x000007fefe007000 	C:\Windows\system32\GDI32.dll
0x000007feff680000 - 0x000007feff68e000 	C:\Windows\system32\LPK.dll
0x000007fefd730000 - 0x000007fefd7fa000 	C:\Windows\system32\USP10.dll
0x000007fefb8b0000 - 0x000007fefbaa4000 	C:\Windows\WinSxS\amd64_microsoft.windows.common-controls_6595b64144ccf1df_6.0.7601.18837_none_fa3b1e3d17594757\COMCTL32.dll
0x000007fefd800000 - 0x000007fefd871000 	C:\Windows\system32\SHLWAPI.dll
0x000007fefe0c0000 - 0x000007fefe0ee000 	C:\Windows\system32\IMM32.DLL
0x000007fefdbc0000 - 0x000007fefdcc9000 	C:\Windows\system32\MSCTF.dll
0x000000005e670000 - 0x000000005e742000 	C:\Program Files\Java\jdk1.8.0_11\jre\bin\msvcr100.dll
0x0000000058d60000 - 0x000000005958a000 	C:\Program Files\Java\jdk1.8.0_11\jre\bin\server\jvm.dll
0x000007fef80e0000 - 0x000007fef80e9000 	C:\Windows\system32\WSOCK32.dll
0x000007fefe010000 - 0x000007fefe05d000 	C:\Windows\system32\WS2_32.dll
0x000007fefe210000 - 0x000007fefe218000 	C:\Windows\system32\NSI.dll
0x000007fefaef0000 - 0x000007fefaf2b000 	C:\Windows\system32\WINMM.dll
0x00000000777d0000 - 0x00000000777d7000 	C:\Windows\system32\PSAPI.DLL
0x00000000654c0000 - 0x00000000654cf000 	C:\Program Files\Java\jdk1.8.0_11\jre\bin\verify.dll
0x000000005e9a0000 - 0x000000005e9c8000 	C:\Program Files\Java\jdk1.8.0_11\jre\bin\java.dll
0x000000005e9e0000 - 0x000000005e9f6000 	C:\Program Files\Java\jdk1.8.0_11\jre\bin\zip.dll
0x000007fefe4e0000 - 0x000007feff26c000 	C:\Windows\system32\SHELL32.dll
0x000007fefd880000 - 0x000007fefda83000 	C:\Windows\system32\ole32.dll
0x000007fefd350000 - 0x000007fefd35f000 	C:\Windows\system32\profapi.dll
0x000000005e980000 - 0x000000005e99a000 	C:\Program Files\Java\jdk1.8.0_11\jre\bin\net.dll
0x000007fefcaf0000 - 0x000007fefcb45000 	C:\Windows\system32\mswsock.dll
0x000007fefcae0000 - 0x000007fefcae7000 	C:\Windows\System32\wship6.dll
0x000000005e960000 - 0x000000005e971000 	C:\Program Files\Java\jdk1.8.0_11\jre\bin\nio.dll
0x000007fefa370000 - 0x000007fefa382000 	C:\Users\03070048\.gradle\native\19\windows-amd64\native-platform.dll
0x000007fefa480000 - 0x000007fefa4a7000 	C:\Windows\system32\IPHLPAPI.DLL
0x000007fefa470000 - 0x000007fefa47b000 	C:\Windows\system32\WINNSI.DLL
0x000007fefa1f0000 - 0x000007fefa201000 	C:\Windows\system32\dhcpcsvc6.DLL
0x000007fefa210000 - 0x000007fefa228000 	C:\Windows\system32\dhcpcsvc.DLL
0x000007fefcb50000 - 0x000007fefcb68000 	C:\Windows\system32\CRYPTSP.dll
0x000007fefc850000 - 0x000007fefc897000 	C:\Windows\system32\rsaenh.dll
0x000007fefd370000 - 0x000007fefd38e000 	C:\Windows\system32\USERENV.dll
0x000007fefd1b0000 - 0x000007fefd1bf000 	C:\Windows\system32\CRYPTBASE.dll
0x000007fef1770000 - 0x000007fef1895000 	C:\Windows\system32\dbghelp.dll
0x000007fefd150000 - 0x000007fefd1a7000 	C:\Windows\system32\apphelp.dll

VM Arguments:
jvm_args: -XX:MaxPermSize=256m -XX:+HeapDumpOnOutOfMemoryError -Xmx1024m -Dfile.encoding=x-windows-950 -Duser.country=TW -Duser.language=zh -Duser.variant 
java_command: org.gradle.launcher.daemon.bootstrap.GradleDaemon 2.10
java_class_path (initial): C:\Users\03070048\.gradle\wrapper\dists\gradle-2.10-all\a4w5fzrkeut1ox71xslb49gst\gradle-2.10\lib\gradle-launcher-2.10.jar
Launcher Type: SUN_STANDARD

Environment Variables:
PATH=C:\ProgramData\Oracle\Java\javapath;C:\Program Files (x86)\Intel\iCLS Client\;C:\Program Files\Intel\iCLS Client\;C:\Program Files\Common Files\Microsoft Shared\Windows Live;C:\Program Files (x86)\Common Files\Microsoft Shared\Windows Live;C:\Windows\system32;C:\Windows;C:\Windows\System32\Wbem;C:\Windows\System32\WindowsPowerShell\v1.0\;C:\Program Files (x86)\Windows Live\Shared;C:\Program Files (x86)\Intel\OpenCL SDK\2.0\bin\x86;C:\Program Files (x86)\Intel\OpenCL SDK\2.0\bin\x64;C:\Program Files\Intel\Intel(R) Management Engine Components\DAL;C:\Program Files\Intel\Intel(R) Management Engine Components\IPT;C:\Program Files (x86)\Intel\Intel(R) Management Engine Components\DAL;C:\Program Files (x86)\Intel\Intel(R) Management Engine Components\IPT;C:\Program Files\Intel\WiFi\bin\;C:\Program Files\Common Files\Intel\WirelessCommon\;C:\Program Files (x86)\Git\cmd;C:\Program Files (x86)\Skype\Phone\
USERNAME=03070048
OS=Windows_NT
PROCESSOR_IDENTIFIER=Intel64 Family 6 Model 58 Stepping 9, GenuineIntel



---------------  S Y S T E M  ---------------

OS: Windows 7 , 64 bit Build 7601 Service Pack 1

CPU:total 4 (2 cores per cpu, 2 threads per core) family 6 model 58 stepping 9, cmov, cx8, fxsr, mmx, sse, sse2, sse3, ssse3, sse4.1, sse4.2, popcnt, avx, aes, clmul, erms, ht, tsc, tscinvbit

Memory: 4k page, physical 12456536k(5422284k free), swap 24911212k(16592536k free)

vm_info: Java HotSpot(TM) 64-Bit Server VM (25.11-b03) for windows-amd64 JRE (1.8.0_11-b12), built on Jun 16 2014 20:57:32 by "java_re" with MS VC++ 10.0 (VS2010)

time: Tue Aug 16 16:02:54 2016
elapsed time: 5 seconds

